<?xml version="1.0" encoding="UTF-8"?>
<testsuites name="CRUD" time="8.243" tests="1" failures="0" errors="0">
   <testsuite name="CRUD" tests="1" failures="0" errors="0" time="8.243" skipped="0" timestamp="2025-10-26 18:30:41" hostname="rilaa - JustR" id="Test Suites/CRUD">
      <properties>
         <property name="deviceName" value=""/>
         <property name="devicePlatform" value=""/>
         <property name="logFolder" value="D:\\Ra\\Katalon\\Katalon Mock API\\Reports\\20251026_182937\\CRUD\\20251026_182941"/>
         <property name="logFiles" value="D:\\Ra\\Katalon\\Katalon Mock API\\Reports\\20251026_182937\\CRUD\\20251026_182941\\execution0.log"/>
         <property name="attachments" value=""/>
         <property name="hostName" value="rilaa - JustR"/>
         <property name="hostAddress" value="192.168.0.116"/>
         <property name="os" value="Windows 10 64bit"/>
         <property name="katalonVersion" value="8.3.0.208"/>
      </properties>
      <testcase name="Test Cases/USER CRUD" time="7.904" classname="Test Cases/USER CRUD" status="PASSED">
         <system-out><![CDATA[2025-10-26 18:30:42 - [TEST_CASE][PASSED] - Test Cases/USER CRUD: Test Cases/USER CRUD

2025-10-26 18:30:42 - [TEST_STEP][PASSED] - defaultPackage.RandomData.setRandomUserData(): defaultPackage.RandomData.setRandomUserData is PASSED

2025-10-26 18:30:43 - [MESSAGE][PASSED] - defaultPackage.RandomData.setRandomUserData is PASSED

2025-10-26 18:30:43 - [TEST_STEP][PASSED] - println("Random ID yang digunakan: " + randomId): null

2025-10-26 18:30:43 - [TEST_STEP][PASSED] - createResponse = sendRequest(findTestObject("POST - Create a New User")): Send request successfully

2025-10-26 18:30:45 - [MESSAGE][INFO] - HAR: D:\Ra\Katalon\Katalon Mock API\Reports\20251026_182937\CRUD\20251026_182941\requests\main\0.har

2025-10-26 18:30:45 - [MESSAGE][PASSED] - Send request successfully

2025-10-26 18:30:45 - [TEST_STEP][PASSED] - userId = getElementPropertyValue(createResponse, "id"): null

2025-10-26 18:30:45 - [TEST_STEP][PASSED] - responseBody0 = createResponse.getResponseBodyContent(): null

2025-10-26 18:30:45 - [TEST_STEP][PASSED] - println("Raw Response Body:"): null

2025-10-26 18:30:45 - [TEST_STEP][PASSED] - println(responseBody0): null

2025-10-26 18:30:45 - [TEST_STEP][PASSED] - json0 = JsonSlurper().parseText(responseBody0): null

2025-10-26 18:30:45 - [TEST_STEP][PASSED] - if (json0 instanceof java.util.Map && json0.containsKey("data")): null

2025-10-26 18:30:45 - [TEST_STEP][PASSED] - else if (json0 instanceof java.util.List): null

2025-10-26 18:30:45 - [TEST_STEP][PASSED] - println("Response array:"): null

2025-10-26 18:30:45 - [TEST_STEP][PASSED] - println(JsonBuilder(json0).toPrettyString()): null

2025-10-26 18:30:45 - [TEST_STEP][PASSED] - readResponse = sendRequestAndVerify(findTestObject("GET - Single User", ["UserId":randomId])): Send request and verify the response successfully

2025-10-26 18:30:46 - [MESSAGE][INFO] - HAR: D:\Ra\Katalon\Katalon Mock API\Reports\20251026_182937\CRUD\20251026_182941\requests\main\1.har

2025-10-26 18:30:46 - [TEST_CASE][PASSED] - Start Test Case : Verification: Verification accomplished successfully

2025-10-26 18:30:47 - [TEST_STEP][PASSED] - request = getInstance().getCurrentRequest(): null

2025-10-26 18:30:47 - [TEST_STEP][PASSED] - response = getInstance().getCurrentResponse(): null

2025-10-26 18:30:47 - [TEST_STEP][PASSED] - verifyResponseStatusCode(response, 200): Verify response status code successfully

2025-10-26 18:30:47 - [MESSAGE][PASSED] - Verify response status code successfully

2025-10-26 18:30:47 - [TEST_STEP][PASSED] - getStatusCode()).isEqualTo(200): null

2025-10-26 18:30:47 - [MESSAGE][PASSED] - Verify response successfully

2025-10-26 18:30:47 - [MESSAGE][PASSED] - Send request and verify the response successfully

2025-10-26 18:30:47 - [TEST_STEP][PASSED] - verifyElementPropertyValue(readResponse, "first_name", "[Manusia]"): Verify element property value successfully

2025-10-26 18:30:47 - [MESSAGE][PASSED] - Verify element property value successfully

2025-10-26 18:30:47 - [TEST_STEP][PASSED] - responseBody1 = readResponse.getResponseBodyContent(): null

2025-10-26 18:30:47 - [TEST_STEP][PASSED] - println("Raw Response Body:"): null

2025-10-26 18:30:47 - [TEST_STEP][PASSED] - println(responseBody1): null

2025-10-26 18:30:47 - [TEST_STEP][PASSED] - json1 = JsonSlurper().parseText(responseBody1): null

2025-10-26 18:30:47 - [TEST_STEP][PASSED] - if (json1 instanceof java.util.Map && json1.containsKey("data")): null

2025-10-26 18:30:47 - [TEST_STEP][PASSED] - else if (json1 instanceof java.util.List): null

2025-10-26 18:30:47 - [TEST_STEP][PASSED] - println("Response array:"): null

2025-10-26 18:30:47 - [TEST_STEP][PASSED] - println(JsonBuilder(json1).toPrettyString()): null

2025-10-26 18:30:47 - [TEST_STEP][PASSED] - updateResponse = sendRequest(findTestObject("PATCH - Update a User", ["UserId":randomId])): Send request successfully

2025-10-26 18:30:47 - [MESSAGE][INFO] - HAR: D:\Ra\Katalon\Katalon Mock API\Reports\20251026_182937\CRUD\20251026_182941\requests\main\2.har

2025-10-26 18:30:47 - [MESSAGE][PASSED] - Send request successfully

2025-10-26 18:30:47 - [TEST_STEP][PASSED] - responseBody2 = updateResponse.getResponseBodyContent(): null

2025-10-26 18:30:47 - [TEST_STEP][PASSED] - println("Raw Response Body:"): null

2025-10-26 18:30:47 - [TEST_STEP][PASSED] - println(responseBody2): null

2025-10-26 18:30:47 - [TEST_STEP][PASSED] - json2 = JsonSlurper().parseText(responseBody2): null

2025-10-26 18:30:47 - [TEST_STEP][PASSED] - if (json2 instanceof java.util.Map && json2.containsKey("data")): null

2025-10-26 18:30:47 - [TEST_STEP][PASSED] - else if (json2 instanceof java.util.List): null

2025-10-26 18:30:47 - [TEST_STEP][PASSED] - println("Response array:"): null

2025-10-26 18:30:47 - [TEST_STEP][PASSED] - println(JsonBuilder(json2).toPrettyString()): null

2025-10-26 18:30:47 - [TEST_STEP][PASSED] - verifyUpdate = sendRequestAndVerify(findTestObject("GET - Single User", ["UserId":randomId])): Send request and verify the response successfully

2025-10-26 18:30:48 - [MESSAGE][INFO] - HAR: D:\Ra\Katalon\Katalon Mock API\Reports\20251026_182937\CRUD\20251026_182941\requests\main\3.har

2025-10-26 18:30:48 - [TEST_CASE][PASSED] - Start Test Case : Verification: Verification accomplished successfully

2025-10-26 18:30:48 - [TEST_STEP][PASSED] - request = getInstance().getCurrentRequest(): null

2025-10-26 18:30:48 - [TEST_STEP][PASSED] - response = getInstance().getCurrentResponse(): null

2025-10-26 18:30:48 - [TEST_STEP][PASSED] - verifyResponseStatusCode(response, 200): Verify response status code successfully

2025-10-26 18:30:48 - [MESSAGE][PASSED] - Verify response status code successfully

2025-10-26 18:30:48 - [TEST_STEP][PASSED] - getStatusCode()).isEqualTo(200): null

2025-10-26 18:30:48 - [MESSAGE][PASSED] - Verify response successfully

2025-10-26 18:30:48 - [MESSAGE][PASSED] - Send request and verify the response successfully

2025-10-26 18:30:48 - [TEST_STEP][PASSED] - verifyElementPropertyValue(verifyUpdate, "job_level", "[Senior Manager]"): Verify element property value successfully

2025-10-26 18:30:48 - [MESSAGE][PASSED] - Verify element property value successfully

2025-10-26 18:30:48 - [TEST_STEP][PASSED] - responseBody3 = verifyUpdate.getResponseBodyContent(): null

2025-10-26 18:30:48 - [TEST_STEP][PASSED] - println("Raw Response Body:"): null

2025-10-26 18:30:48 - [TEST_STEP][PASSED] - println(responseBody3): null

2025-10-26 18:30:48 - [TEST_STEP][PASSED] - json3 = JsonSlurper().parseText(responseBody3): null

2025-10-26 18:30:48 - [TEST_STEP][PASSED] - if (json3 instanceof java.util.Map && json3.containsKey("data")): null

2025-10-26 18:30:48 - [TEST_STEP][PASSED] - else if (json3 instanceof java.util.List): null

2025-10-26 18:30:48 - [TEST_STEP][PASSED] - println("Response array:"): null

2025-10-26 18:30:48 - [TEST_STEP][PASSED] - println(JsonBuilder(json3).toPrettyString()): null

2025-10-26 18:30:48 - [TEST_STEP][PASSED] - deleteResponse = sendRequest(findTestObject("DELETE - Delete a User", ["UserId":randomId])): Send request successfully

2025-10-26 18:30:49 - [MESSAGE][INFO] - HAR: D:\Ra\Katalon\Katalon Mock API\Reports\20251026_182937\CRUD\20251026_182941\requests\main\4.har

2025-10-26 18:30:49 - [MESSAGE][PASSED] - Send request successfully

2025-10-26 18:30:49 - [TEST_STEP][PASSED] - println(deleteResponse.getResponseBodyContent()): null

2025-10-26 18:30:49 - [TEST_STEP][PASSED] - checkDeleted = sendRequest(findTestObject("GET - Single User", ["UserId":randomId])): Send request successfully

2025-10-26 18:30:50 - [MESSAGE][INFO] - HAR: D:\Ra\Katalon\Katalon Mock API\Reports\20251026_182937\CRUD\20251026_182941\requests\main\5.har

2025-10-26 18:30:50 - [MESSAGE][PASSED] - Send request successfully

2025-10-26 18:30:50 - [TEST_STEP][PASSED] - verifyResponseStatusCode(checkDeleted, 200): Verify response status code successfully

2025-10-26 18:30:50 - [MESSAGE][PASSED] - Verify response status code successfully

2025-10-26 18:30:50 - [TEST_STEP][PASSED] - println(checkDeleted.getResponseBodyContent()): null]]></system-out>
         <system-err><![CDATA[]]></system-err>
      </testcase>
      <system-out><![CDATA[2025-10-26 18:30:41 - [TEST_SUITE][PASSED] - CRUD: Test Cases/USER CRUD]]></system-out>
      <system-err><![CDATA[]]></system-err>
   </testsuite>
</testsuites>
